Copyright 1986-2020 Xilinx, Inc. All Rights Reserved.
--------------------------------------------------------------------------------------------------------------------------------------------------------------------------------------
| Tool Version : Vivado v.2020.1 (lin64) Build 2902540 Wed May 27 19:54:35 MDT 2020
| Date         : Mon Nov  9 10:36:20 2020
| Host         : interestinghostname running 64-bit unknown
| Command      : report_methodology -file design_1_wrapper_methodology_drc_routed.rpt -pb design_1_wrapper_methodology_drc_routed.pb -rpx design_1_wrapper_methodology_drc_routed.rpx
| Design       : design_1_wrapper
| Device       : xc7a35ticsg324-1L
| Speed File   : -1L
| Design State : Fully Routed
--------------------------------------------------------------------------------------------------------------------------------------------------------------------------------------

Report Methodology

Table of Contents
-----------------
1. REPORT SUMMARY
2. REPORT DETAILS

1. REPORT SUMMARY
-----------------
            Netlist: netlist
          Floorplan: design_1
      Design limits: <entire design considered>
             Max violations: <unlimited>
             Violations found: 13
+-----------+----------+------------------------------------------------------------------+------------+
| Rule      | Severity | Description                                                      | Violations |
+-----------+----------+------------------------------------------------------------------+------------+
| CKLD-2    | Warning  | Clock Net has IO Driver, not a Clock Buf, and/or non-Clock loads | 1          |
| TIMING-18 | Warning  | Missing input or output delay                                    | 12         |
+-----------+----------+------------------------------------------------------------------+------------+

2. REPORT DETAILS
-----------------
CKLD-2#1 Warning
Clock Net has IO Driver, not a Clock Buf, and/or non-Clock loads  
Clock net in1_0_IBUF is directly driven by an IO rather than a Clock Buffer or may be an IO driving a mix of Clock Buffer and non-Clock loads. This connectivity should be reviewed and corrected as appropriate. Driver(s): in1_0_IBUF_inst/O, design_1_i/in1_0
Related violations: <none>

TIMING-18#1 Warning
Missing input or output delay  
An input delay is missing on SPI_clock_0 relative to clock(s) in1_0
Related violations: <none>

TIMING-18#2 Warning
Missing input or output delay  
An input delay is missing on io_SPISignals_MOSI_0 relative to clock(s) in1_0
Related violations: <none>

TIMING-18#3 Warning
Missing input or output delay  
An input delay is missing on io_SPISignals_SS_0 relative to clock(s) in1_0
Related violations: <none>

TIMING-18#4 Warning
Missing input or output delay  
An input delay is missing on reset_0 relative to clock(s) in1_0
Related violations: <none>

TIMING-18#5 Warning
Missing input or output delay  
An output delay is missing on io_currentByte_0[0] relative to clock(s) in1_0
Related violations: <none>

TIMING-18#6 Warning
Missing input or output delay  
An output delay is missing on io_currentByte_0[1] relative to clock(s) in1_0
Related violations: <none>

TIMING-18#7 Warning
Missing input or output delay  
An output delay is missing on io_currentByte_0[2] relative to clock(s) in1_0
Related violations: <none>

TIMING-18#8 Warning
Missing input or output delay  
An output delay is missing on io_currentByte_0[3] relative to clock(s) in1_0
Related violations: <none>

TIMING-18#9 Warning
Missing input or output delay  
An output delay is missing on io_currentByte_0[4] relative to clock(s) in1_0
Related violations: <none>

TIMING-18#10 Warning
Missing input or output delay  
An output delay is missing on io_currentByte_0[5] relative to clock(s) in1_0
Related violations: <none>

TIMING-18#11 Warning
Missing input or output delay  
An output delay is missing on io_currentByte_0[6] relative to clock(s) in1_0
Related violations: <none>

TIMING-18#12 Warning
Missing input or output delay  
An output delay is missing on io_currentByte_0[7] relative to clock(s) in1_0
Related violations: <none>


